<?xml version="1.0" encoding="UTF-8"?>
<!-- Generated by org.testng.reporters.JUnitXMLReporter -->
<testsuite hostname="Ashwini-PC" ignored="0" name="Test" tests="6" failures="4" timestamp="2020-05-01T15:33:49 IST" time="0.725" errors="0">
  <testcase name="NavigationBarValidation" time="0.412" classname="Academy.ValidateNavgationBar">
    <failure type="java.lang.IllegalStateException" message="The driver executable does not exist: D:\SAN\SanSoftwares\ChromeDriver\chromedriver.exe">
      <![CDATA[java.lang.IllegalStateException: The driver executable does not exist: D:\SAN\SanSoftwares\ChromeDriver\chromedriver.exe
at com.google.common.base.Preconditions.checkState(Preconditions.java:585)
at org.openqa.selenium.remote.service.DriverService.checkExecutable(DriverService.java:146)
at org.openqa.selenium.remote.service.DriverService.findExecutable(DriverService.java:141)
at org.openqa.selenium.chrome.ChromeDriverService.access$000(ChromeDriverService.java:35)
at org.openqa.selenium.chrome.ChromeDriverService$Builder.findDefaultExecutable(ChromeDriverService.java:159)
at org.openqa.selenium.remote.service.DriverService$Builder.build(DriverService.java:355)
at org.openqa.selenium.chrome.ChromeDriverService.createDefaultService(ChromeDriverService.java:94)
at org.openqa.selenium.chrome.ChromeDriver.<init>(ChromeDriver.java:123)
at resources.base.initializeDriver(base.java:35)
at Academy.ValidateNavgationBar.NavigationBarValidation(ValidateNavgationBar.java:22)
at java.util.ArrayList.forEach(Unknown Source)
... Removed 28 stack frames]]>
    </failure>
  </testcase> <!-- NavigationBarValidation -->
  <testcase name="NavigationBarValidation1" time="0.004" classname="Academy.ValidateNavgationBar"/>
  <testcase name="basePageNavigation" time="0.016" classname="Academy.Homepage">
    <failure type="java.lang.IllegalStateException" message="The driver executable does not exist: D:\SAN\SanSoftwares\ChromeDriver\chromedriver.exe">
      <![CDATA[java.lang.IllegalStateException: The driver executable does not exist: D:\SAN\SanSoftwares\ChromeDriver\chromedriver.exe
at com.google.common.base.Preconditions.checkState(Preconditions.java:585)
at org.openqa.selenium.remote.service.DriverService.checkExecutable(DriverService.java:146)
at org.openqa.selenium.remote.service.DriverService.findExecutable(DriverService.java:141)
at org.openqa.selenium.chrome.ChromeDriverService.access$000(ChromeDriverService.java:35)
at org.openqa.selenium.chrome.ChromeDriverService$Builder.findDefaultExecutable(ChromeDriverService.java:159)
at org.openqa.selenium.remote.service.DriverService$Builder.build(DriverService.java:355)
at org.openqa.selenium.chrome.ChromeDriverService.createDefaultService(ChromeDriverService.java:94)
at org.openqa.selenium.chrome.ChromeDriver.<init>(ChromeDriver.java:123)
at resources.base.initializeDriver(base.java:35)
at Academy.Homepage.basePageNavigation(Homepage.java:26)
at java.util.ArrayList.forEach(Unknown Source)
... Removed 28 stack frames]]>
    </failure>
  </testcase> <!-- basePageNavigation -->
  <testcase name="basePageNavigation" time="0.016" classname="Academy.Homepage">
    <failure type="java.lang.IllegalStateException" message="The driver executable does not exist: D:\SAN\SanSoftwares\ChromeDriver\chromedriver.exe">
      <![CDATA[java.lang.IllegalStateException: The driver executable does not exist: D:\SAN\SanSoftwares\ChromeDriver\chromedriver.exe
at com.google.common.base.Preconditions.checkState(Preconditions.java:585)
at org.openqa.selenium.remote.service.DriverService.checkExecutable(DriverService.java:146)
at org.openqa.selenium.remote.service.DriverService.findExecutable(DriverService.java:141)
at org.openqa.selenium.chrome.ChromeDriverService.access$000(ChromeDriverService.java:35)
at org.openqa.selenium.chrome.ChromeDriverService$Builder.findDefaultExecutable(ChromeDriverService.java:159)
at org.openqa.selenium.remote.service.DriverService$Builder.build(DriverService.java:355)
at org.openqa.selenium.chrome.ChromeDriverService.createDefaultService(ChromeDriverService.java:94)
at org.openqa.selenium.chrome.ChromeDriver.<init>(ChromeDriver.java:123)
at resources.base.initializeDriver(base.java:35)
at Academy.Homepage.basePageNavigation(Homepage.java:26)
at java.util.ArrayList.forEach(Unknown Source)
... Removed 28 stack frames]]>
    </failure>
  </testcase> <!-- basePageNavigation -->
  <testcase name="TitleValidation" time="0.015" classname="Academy.ValidateTitle">
    <failure type="java.lang.IllegalStateException" message="The driver executable does not exist: D:\SAN\SanSoftwares\ChromeDriver\chromedriver.exe">
      <![CDATA[java.lang.IllegalStateException: The driver executable does not exist: D:\SAN\SanSoftwares\ChromeDriver\chromedriver.exe
at com.google.common.base.Preconditions.checkState(Preconditions.java:585)
at org.openqa.selenium.remote.service.DriverService.checkExecutable(DriverService.java:146)
at org.openqa.selenium.remote.service.DriverService.findExecutable(DriverService.java:141)
at org.openqa.selenium.chrome.ChromeDriverService.access$000(ChromeDriverService.java:35)
at org.openqa.selenium.chrome.ChromeDriverService$Builder.findDefaultExecutable(ChromeDriverService.java:159)
at org.openqa.selenium.remote.service.DriverService$Builder.build(DriverService.java:355)
at org.openqa.selenium.chrome.ChromeDriverService.createDefaultService(ChromeDriverService.java:94)
at org.openqa.selenium.chrome.ChromeDriver.<init>(ChromeDriver.java:123)
at resources.base.initializeDriver(base.java:35)
at Academy.ValidateTitle.TitleValidation(ValidateTitle.java:29)
at java.util.ArrayList.forEach(Unknown Source)
... Removed 28 stack frames]]>
    </failure>
  </testcase> <!-- TitleValidation -->
  <testcase name="TitleValidation1" time="0.006" classname="Academy.ValidateTitle"/>
</testsuite> <!-- Test -->
